<?xml version="1.0" encoding="UTF-8"?>
<!-- Generated by org.testng.reporters.JUnitXMLReporter -->
<testsuite hostname="lenovo-PC" ignored="0" name="Test" tests="10" failures="2" timestamp="21 May 2021 12:41:19 GMT" time="2.184" errors="0">
  <testcase name="login" time="0.011" classname="scenarios.SampleTest"/>
  <testcase name="search" time="0.003" classname="scenarios.SampleTest">
    <failure type="java.lang.AssertionError" message="issue with flight">
      <![CDATA[java.lang.AssertionError: issue with flight
at scenarios.SampleTest.search(SampleTest.java:19)
... Removed 26 stack frames]]>
    </failure>
  </testcase> <!-- search -->
  <testcase name="select" time="0.0" classname="scenarios.SampleTest">
    <skipped/>
  </testcase> <!-- select -->
  <testcase name="book" time="0.0" classname="scenarios.SampleTest">
    <skipped/>
  </testcase> <!-- book -->
  <testcase name="logout" time="0.0" classname="scenarios.SampleTest">
    <skipped/>
  </testcase> <!-- logout -->
  <testcase name="login" time="0.002" classname="scenarios.SampleTest2"/>
  <testcase name="search" time="0.003" classname="scenarios.SampleTest2">
    <failure type="java.lang.AssertionError" message="issue with flight">
      <![CDATA[java.lang.AssertionError: issue with flight
at scenarios.SampleTest2.search(SampleTest2.java:19)
... Removed 26 stack frames]]>
    </failure>
  </testcase> <!-- search -->
  <testcase name="select" time="0.0" classname="scenarios.SampleTest2">
    <skipped/>
  </testcase> <!-- select -->
  <testcase name="book" time="0.0" classname="scenarios.SampleTest2">
    <skipped/>
  </testcase> <!-- book -->
  <testcase name="logout" time="0.0" classname="scenarios.SampleTest2">
    <skipped/>
  </testcase> <!-- logout -->
</testsuite> <!-- Test -->
