<?xml version="1.0" encoding="UTF-8"?>
<!-- Generated by org.testng.reporters.JUnitXMLReporter -->
<testsuite hostname="lenovo-PC" ignored="0" name="Test" tests="5" failures="0" timestamp="21 May 2021 11:36:13 GMT" time="1.401" errors="0">
  <testcase name="login" time="0.0" classname="scenarios.SampleTest"/>
  <testcase name="search" time="0.004" classname="scenarios.SampleTest"/>
  <testcase name="select" time="0.002" classname="scenarios.SampleTest"/>
  <testcase name="book" time="0.001" classname="scenarios.SampleTest"/>
  <testcase name="logout" time="0.003" classname="scenarios.SampleTest"/>
</testsuite> <!-- Test -->
